{"C:\\Users\\kristine.polakova\\OneDrive - Accenture\\Desktop\\learning\\SGT\\js\\cloneArray.js": {"path":"C:\\Users\\kristine.polakova\\OneDrive - Accenture\\Desktop\\learning\\SGT\\js\\cloneArray.js","statementMap":{"0":{"start":{"line":2,"column":2},"end":{"line":2,"column":20}},"1":{"start":{"line":5,"column":0},"end":{"line":5,"column":28}}},"fnMap":{"0":{"name":"cloneArray","decl":{"start":{"line":1,"column":9},"end":{"line":1,"column":19}},"loc":{"start":{"line":1,"column":27},"end":{"line":3,"column":1}},"line":1}},"branchMap":{},"s":{"0":2,"1":1},"f":{"0":2},"b":{},"_coverageSchema":"1a1c01bbd47fc00a2c39e90264f33305004495a9","hash":"5d90e3944891e86ec645f56a77fa4a4c59fa8532"}
,"C:\\Users\\kristine.polakova\\OneDrive - Accenture\\Desktop\\learning\\SGT\\js\\subtract.js": {"path":"C:\\Users\\kristine.polakova\\OneDrive - Accenture\\Desktop\\learning\\SGT\\js\\subtract.js","statementMap":{"0":{"start":{"line":2,"column":2},"end":{"line":2,"column":15}},"1":{"start":{"line":5,"column":0},"end":{"line":5,"column":26}}},"fnMap":{"0":{"name":"subtract","decl":{"start":{"line":1,"column":9},"end":{"line":1,"column":17}},"loc":{"start":{"line":1,"column":24},"end":{"line":3,"column":1}},"line":1}},"branchMap":{},"s":{"0":1,"1":1},"f":{"0":1},"b":{},"_coverageSchema":"1a1c01bbd47fc00a2c39e90264f33305004495a9","hash":"46bfaa80e22ee761db0d9b0b717c1b5e3c54a5dd"}
,"C:\\Users\\kristine.polakova\\OneDrive - Accenture\\Desktop\\learning\\SGT\\js\\sum.js": {"path":"C:\\Users\\kristine.polakova\\OneDrive - Accenture\\Desktop\\learning\\SGT\\js\\sum.js","statementMap":{"0":{"start":{"line":2,"column":2},"end":{"line":2,"column":15}},"1":{"start":{"line":5,"column":0},"end":{"line":5,"column":21}}},"fnMap":{"0":{"name":"sum","decl":{"start":{"line":1,"column":9},"end":{"line":1,"column":12}},"loc":{"start":{"line":1,"column":19},"end":{"line":3,"column":1}},"line":1}},"branchMap":{},"s":{"0":1,"1":1},"f":{"0":1},"b":{},"_coverageSchema":"1a1c01bbd47fc00a2c39e90264f33305004495a9","hash":"93b38e5a8fffb5faa74af539b6096bdb938c90f1"}
}
